Максим
Колесников
4f0cddfab056102f84e9ab77ac65a294
[4.3.2020 | 12:1:8] {"type":"cmd","data":"run"}
,[4.3.2020 | 12:1:9] {"client-id":"af85aa2e-4b72-4b37-ac16-d371b23c71b7","gpioa":0,"gpiob":0,"gpioc":32768,"gpiod":16384,"gpioe":0,"modeltime":0,"type":"gpio"}
,[4.3.2020 | 12:1:9] {"client-id":"af85aa2e-4b72-4b37-ac16-d371b23c71b7","gpioa":0,"gpiob":0,"gpioc":32768,"gpiod":16384,"gpioe":0,"modeltime":0,"type":"gpio"}
,[4.3.2020 | 12:1:9] {"client-id":"af85aa2e-4b72-4b37-ac16-d371b23c71b7","gpioa":0,"gpiob":0,"gpioc":32768,"gpiod":16384,"gpioe":0,"modeltime":0,"type":"gpio"}
,[4.3.2020 | 12:1:9] {"client-id":"af85aa2e-4b72-4b37-ac16-d371b23c71b7","gpioa":0,"gpiob":0,"gpioc":32768,"gpiod":16384,"gpioe":0,"modeltime":0,"type":"gpio"}
,[4.3.2020 | 12:1:9] {"client-id":"af85aa2e-4b72-4b37-ac16-d371b23c71b7","gpioa":0,"gpiob":0,"gpioc":32768,"gpiod":16384,"gpioe":0,"modeltime":0,"type":"gpio"}
,[4.3.2020 | 12:1:9] {"client-id":"af85aa2e-4b72-4b37-ac16-d371b23c71b7","gpioa":0,"gpiob":0,"gpioc":32768,"gpiod":16384,"gpioe":0,"modeltime":0,"type":"gpio"}
,[4.3.2020 | 12:1:9] {"client-id":"af85aa2e-4b72-4b37-ac16-d371b23c71b7","gpioa":0,"gpiob":0,"gpioc":32768,"gpiod":16384,"gpioe":0,"modeltime":0,"type":"gpio"}
,[4.3.2020 | 12:1:9] {"client-id":"af85aa2e-4b72-4b37-ac16-d371b23c71b7","gpioa":0,"gpiob":0,"gpioc":32768,"gpiod":16384,"gpioe":0,"modeltime":0,"type":"gpio"}
,[4.3.2020 | 12:1:9] {"client-id":"af85aa2e-4b72-4b37-ac16-d371b23c71b7","gpioa":0,"gpiob":0,"gpioc":32768,"gpiod":16384,"gpioe":0,"modeltime":0,"type":"gpio"}
,[4.3.2020 | 12:1:10] {"client-id":"af85aa2e-4b72-4b37-ac16-d371b23c71b7","gpioa":0,"gpiob":0,"gpioc":32768,"gpiod":16384,"gpioe":0,"modeltime":0,"type":"gpio"}
,[4.3.2020 | 12:1:10] {"client-id":"af85aa2e-4b72-4b37-ac16-d371b23c71b7","gpioa":0,"gpiob":0,"gpioc":32768,"gpiod":16384,"gpioe":0,"modeltime":0,"type":"gpio"}
,[4.3.2020 | 12:1:10] {"client-id":"af85aa2e-4b72-4b37-ac16-d371b23c71b7","gpioa":0,"gpiob":0,"gpioc":32768,"gpiod":16384,"gpioe":0,"modeltime":0,"type":"gpio"}
,[4.3.2020 | 12:1:10] {"client-id":"af85aa2e-4b72-4b37-ac16-d371b23c71b7","gpioa":0,"gpiob":0,"gpioc":32768,"gpiod":16384,"gpioe":0,"modeltime":0,"type":"gpio"}
,[4.3.2020 | 12:1:10] {"client-id":"af85aa2e-4b72-4b37-ac16-d371b23c71b7","gpioa":0,"gpiob":0,"gpioc":32768,"gpiod":16384,"gpioe":0,"modeltime":0,"type":"gpio"}
,[4.3.2020 | 12:1:10] {"client-id":"af85aa2e-4b72-4b37-ac16-d371b23c71b7","gpioa":0,"gpiob":0,"gpioc":32768,"gpiod":16392,"gpioe":16,"modeltime":0,"type":"gpio"}
,[4.3.2020 | 12:1:10] {"client-id":"af85aa2e-4b72-4b37-ac16-d371b23c71b7","gpioa":0,"gpiob":0,"gpioc":32768,"gpiod":16392,"gpioe":16,"modeltime":0,"type":"gpio"}
,[4.3.2020 | 12:1:10] {"client-id":"af85aa2e-4b72-4b37-ac16-d371b23c71b7","gpioa":0,"gpiob":0,"gpioc":32768,"gpiod":16392,"gpioe":16,"modeltime":0,"type":"gpio"}
,[4.3.2020 | 12:1:10] {"client-id":"af85aa2e-4b72-4b37-ac16-d371b23c71b7","gpioa":0,"gpiob":0,"gpioc":32768,"gpiod":16392,"gpioe":16,"modeltime":0,"type":"gpio"}
,[4.3.2020 | 12:1:10] {"client-id":"af85aa2e-4b72-4b37-ac16-d371b23c71b7","gpioa":0,"gpiob":0,"gpioc":32768,"gpiod":16392,"gpioe":16,"modeltime":0,"type":"gpio"}
,[4.3.2020 | 12:1:11] {"client-id":"af85aa2e-4b72-4b37-ac16-d371b23c71b7","gpioa":0,"gpiob":0,"gpioc":32768,"gpiod":16408,"gpioe":272,"modeltime":0,"type":"gpio"}
,[4.3.2020 | 12:1:11] {"client-id":"af85aa2e-4b72-4b37-ac16-d371b23c71b7","gpioa":0,"gpiob":0,"gpioc":32768,"gpiod":16408,"gpioe":272,"modeltime":0,"type":"gpio"}
,[4.3.2020 | 12:1:11] {"client-id":"af85aa2e-4b72-4b37-ac16-d371b23c71b7","gpioa":0,"gpiob":0,"gpioc":32768,"gpiod":16408,"gpioe":272,"modeltime":0,"type":"gpio"}
,[4.3.2020 | 12:1:11] {"client-id":"af85aa2e-4b72-4b37-ac16-d371b23c71b7","gpioa":0,"gpiob":0,"gpioc":32768,"gpiod":16408,"gpioe":272,"modeltime":0,"type":"gpio"}
,[4.3.2020 | 12:1:11] {"client-id":"af85aa2e-4b72-4b37-ac16-d371b23c71b7","gpioa":0,"gpiob":0,"gpioc":32768,"gpiod":16408,"gpioe":272,"modeltime":0,"type":"gpio"}
,[4.3.2020 | 12:1:11] {"client-id":"af85aa2e-4b72-4b37-ac16-d371b23c71b7","gpioa":0,"gpiob":0,"gpioc":32768,"gpiod":16440,"gpioe":1296,"modeltime":0,"type":"gpio"}
,[4.3.2020 | 12:1:11] {"client-id":"af85aa2e-4b72-4b37-ac16-d371b23c71b7","gpioa":0,"gpiob":0,"gpioc":32768,"gpiod":16440,"gpioe":1296,"modeltime":0,"type":"gpio"}
,[4.3.2020 | 12:1:11] {"client-id":"af85aa2e-4b72-4b37-ac16-d371b23c71b7","gpioa":0,"gpiob":0,"gpioc":32768,"gpiod":16440,"gpioe":1296,"modeltime":0,"type":"gpio"}
,[4.3.2020 | 12:1:11] {"client-id":"af85aa2e-4b72-4b37-ac16-d371b23c71b7","gpioa":0,"gpiob":0,"gpioc":32768,"gpiod":16440,"gpioe":1296,"modeltime":0,"type":"gpio"}
,[4.3.2020 | 12:1:11] {"client-id":"af85aa2e-4b72-4b37-ac16-d371b23c71b7","gpioa":0,"gpiob":0,"gpioc":32768,"gpiod":16440,"gpioe":5392,"modeltime":0,"type":"gpio"}
,[4.3.2020 | 12:1:12] {"client-id":"af85aa2e-4b72-4b37-ac16-d371b23c71b7","gpioa":0,"gpiob":0,"gpioc":32768,"gpiod":16504,"gpioe":5392,"modeltime":0,"type":"gpio"}
,[4.3.2020 | 12:1:12] {"client-id":"af85aa2e-4b72-4b37-ac16-d371b23c71b7","gpioa":0,"gpiob":0,"gpioc":32768,"gpiod":16504,"gpioe":5392,"modeltime":0,"type":"gpio"}
,[4.3.2020 | 12:1:12] {"client-id":"af85aa2e-4b72-4b37-ac16-d371b23c71b7","gpioa":0,"gpiob":0,"gpioc":32768,"gpiod":16504,"gpioe":5392,"modeltime":0,"type":"gpio"}
,[4.3.2020 | 12:1:12] {"client-id":"af85aa2e-4b72-4b37-ac16-d371b23c71b7","gpioa":0,"gpiob":0,"gpioc":32768,"gpiod":16504,"gpioe":5392,"modeltime":0,"type":"gpio"}
,[4.3.2020 | 12:1:12] {"client-id":"af85aa2e-4b72-4b37-ac16-d371b23c71b7","gpioa":0,"gpiob":0,"gpioc":32768,"gpiod":16504,"gpioe":5392,"modeltime":0,"type":"gpio"}
,[4.3.2020 | 12:1:12] {"client-id":"af85aa2e-4b72-4b37-ac16-d371b23c71b7","gpioa":0,"gpiob":0,"gpioc":32768,"gpiod":16504,"gpioe":5392,"modeltime":0,"type":"gpio"}
,[4.3.2020 | 12:1:12] {"client-id":"af85aa2e-4b72-4b37-ac16-d371b23c71b7","gpioa":0,"gpiob":0,"gpioc":32768,"gpiod":16504,"gpioe":5392,"modeltime":0,"type":"gpio"}
,[4.3.2020 | 12:1:12] {"client-id":"af85aa2e-4b72-4b37-ac16-d371b23c71b7","gpioa":0,"gpiob":0,"gpioc":32768,"gpiod":16504,"gpioe":5392,"modeltime":0,"type":"gpio"}
,[4.3.2020 | 12:1:12] {"client-id":"af85aa2e-4b72-4b37-ac16-d371b23c71b7","gpioa":0,"gpiob":0,"gpioc":32768,"gpiod":16504,"gpioe":5392,"modeltime":0,"type":"gpio"}
,[4.3.2020 | 12:1:12] {"client-id":"af85aa2e-4b72-4b37-ac16-d371b23c71b7","gpioa":0,"gpiob":0,"gpioc":32768,"gpiod":16504,"gpioe":5392,"modeltime":0,"type":"gpio"}
,[4.3.2020 | 12:1:13] {"client-id":"af85aa2e-4b72-4b37-ac16-d371b23c71b7","gpioa":0,"gpiob":0,"gpioc":32768,"gpiod":16504,"gpioe":5392,"modeltime":0,"type":"gpio"}
,[4.3.2020 | 12:1:13] {"client-id":"af85aa2e-4b72-4b37-ac16-d371b23c71b7","gpioa":0,"gpiob":0,"gpioc":32768,"gpiod":16504,"gpioe":5392,"modeltime":0,"type":"gpio"}
,[4.3.2020 | 12:1:13] {"client-id":"af85aa2e-4b72-4b37-ac16-d371b23c71b7","gpioa":0,"gpiob":0,"gpioc":32768,"gpiod":16440,"gpioe":1296,"modeltime":0,"type":"gpio"}
,[4.3.2020 | 12:1:13] {"client-id":"af85aa2e-4b72-4b37-ac16-d371b23c71b7","gpioa":0,"gpiob":0,"gpioc":32768,"gpiod":16440,"gpioe":1296,"modeltime":0,"type":"gpio"}
,[4.3.2020 | 12:1:13] {"client-id":"af85aa2e-4b72-4b37-ac16-d371b23c71b7","gpioa":0,"gpiob":0,"gpioc":32768,"gpiod":16440,"gpioe":1296,"modeltime":0,"type":"gpio"}
,[4.3.2020 | 12:1:13] {"client-id":"af85aa2e-4b72-4b37-ac16-d371b23c71b7","gpioa":0,"gpiob":0,"gpioc":32768,"gpiod":16440,"gpioe":1296,"modeltime":0,"type":"gpio"}
,[4.3.2020 | 12:1:13] {"client-id":"af85aa2e-4b72-4b37-ac16-d371b23c71b7","gpioa":0,"gpiob":0,"gpioc":32768,"gpiod":16440,"gpioe":1296,"modeltime":0,"type":"gpio"}
,[4.3.2020 | 12:1:13] {"client-id":"af85aa2e-4b72-4b37-ac16-d371b23c71b7","gpioa":0,"gpiob":0,"gpioc":32768,"gpiod":16440,"gpioe":1296,"modeltime":0,"type":"gpio"}
,[4.3.2020 | 12:1:13] {"client-id":"af85aa2e-4b72-4b37-ac16-d371b23c71b7","gpioa":0,"gpiob":0,"gpioc":32768,"gpiod":16440,"gpioe":1296,"modeltime":0,"type":"gpio"}
,[4.3.2020 | 12:1:13] {"client-id":"af85aa2e-4b72-4b37-ac16-d371b23c71b7","gpioa":0,"gpiob":0,"gpioc":32768,"gpiod":16440,"gpioe":1296,"modeltime":0,"type":"gpio"}
,[4.3.2020 | 12:1:14] {"client-id":"af85aa2e-4b72-4b37-ac16-d371b23c71b7","gpioa":0,"gpiob":0,"gpioc":32768,"gpiod":16440,"gpioe":1296,"modeltime":0,"type":"gpio"}
,[4.3.2020 | 12:1:14] {"client-id":"af85aa2e-4b72-4b37-ac16-d371b23c71b7","gpioa":0,"gpiob":0,"gpioc":32768,"gpiod":16408,"gpioe":272,"modeltime":0,"type":"gpio"}
,[4.3.2020 | 12:1:14] {"client-id":"af85aa2e-4b72-4b37-ac16-d371b23c71b7","gpioa":0,"gpiob":0,"gpioc":32768,"gpiod":16408,"gpioe":272,"modeltime":0,"type":"gpio"}
,[4.3.2020 | 12:1:14] {"client-id":"af85aa2e-4b72-4b37-ac16-d371b23c71b7","gpioa":0,"gpiob":0,"gpioc":32768,"gpiod":16408,"gpioe":272,"modeltime":0,"type":"gpio"}
,[4.3.2020 | 12:1:14] {"client-id":"af85aa2e-4b72-4b37-ac16-d371b23c71b7","gpioa":0,"gpiob":0,"gpioc":32768,"gpiod":16408,"gpioe":272,"modeltime":0,"type":"gpio"}
,[4.3.2020 | 12:1:14] {"client-id":"af85aa2e-4b72-4b37-ac16-d371b23c71b7","gpioa":0,"gpiob":0,"gpioc":32768,"gpiod":16408,"gpioe":272,"modeltime":0,"type":"gpio"}
,[4.3.2020 | 12:1:14] {"client-id":"af85aa2e-4b72-4b37-ac16-d371b23c71b7","gpioa":0,"gpiob":0,"gpioc":32768,"gpiod":16408,"gpioe":272,"modeltime":0,"type":"gpio"}
,[4.3.2020 | 12:1:14] {"client-id":"af85aa2e-4b72-4b37-ac16-d371b23c71b7","gpioa":0,"gpiob":0,"gpioc":32768,"gpiod":16392,"gpioe":16,"modeltime":0,"type":"gpio"}
,[4.3.2020 | 12:1:14] {"client-id":"af85aa2e-4b72-4b37-ac16-d371b23c71b7","gpioa":0,"gpiob":0,"gpioc":32768,"gpiod":16392,"gpioe":16,"modeltime":0,"type":"gpio"}
,[4.3.2020 | 12:1:14] {"client-id":"af85aa2e-4b72-4b37-ac16-d371b23c71b7","gpioa":0,"gpiob":0,"gpioc":32768,"gpiod":16392,"gpioe":16,"modeltime":0,"type":"gpio"}
,[4.3.2020 | 12:1:15] {"client-id":"af85aa2e-4b72-4b37-ac16-d371b23c71b7","gpioa":0,"gpiob":0,"gpioc":32768,"gpiod":16392,"gpioe":16,"modeltime":0,"type":"gpio"}
,[4.3.2020 | 12:1:15] {"client-id":"af85aa2e-4b72-4b37-ac16-d371b23c71b7","gpioa":0,"gpiob":0,"gpioc":32768,"gpiod":16392,"gpioe":16,"modeltime":0,"type":"gpio"}
,[4.3.2020 | 12:1:15] {"client-id":"af85aa2e-4b72-4b37-ac16-d371b23c71b7","gpioa":0,"gpiob":0,"gpioc":32768,"gpiod":16392,"gpioe":16,"modeltime":0,"type":"gpio"}
,[4.3.2020 | 12:1:15] {"client-id":"af85aa2e-4b72-4b37-ac16-d371b23c71b7","gpioa":0,"gpiob":0,"gpioc":32768,"gpiod":16392,"gpioe":16,"modeltime":0,"type":"gpio"}
,[4.3.2020 | 12:1:15] {"client-id":"af85aa2e-4b72-4b37-ac16-d371b23c71b7","gpioa":0,"gpiob":0,"gpioc":32768,"gpiod":16408,"gpioe":272,"modeltime":0,"type":"gpio"}
,[4.3.2020 | 12:1:15] {"client-id":"af85aa2e-4b72-4b37-ac16-d371b23c71b7","gpioa":0,"gpiob":0,"gpioc":32768,"gpiod":16408,"gpioe":272,"modeltime":0,"type":"gpio"}
,[4.3.2020 | 12:1:15] {"client-id":"af85aa2e-4b72-4b37-ac16-d371b23c71b7","gpioa":0,"gpiob":0,"gpioc":32768,"gpiod":16408,"gpioe":272,"modeltime":0,"type":"gpio"}
,[4.3.2020 | 12:1:15] {"client-id":"af85aa2e-4b72-4b37-ac16-d371b23c71b7","gpioa":0,"gpiob":0,"gpioc":32768,"gpiod":16408,"gpioe":272,"modeltime":0,"type":"gpio"}
,[4.3.2020 | 12:1:15] {"client-id":"af85aa2e-4b72-4b37-ac16-d371b23c71b7","gpioa":0,"gpiob":0,"gpioc":32768,"gpiod":16408,"gpioe":272,"modeltime":0,"type":"gpio"}
,[4.3.2020 | 12:1:15] {"client-id":"af85aa2e-4b72-4b37-ac16-d371b23c71b7","gpioa":0,"gpiob":0,"gpioc":32768,"gpiod":16408,"gpioe":272,"modeltime":0,"type":"gpio"}
,[4.3.2020 | 12:1:16] {"client-id":"af85aa2e-4b72-4b37-ac16-d371b23c71b7","gpioa":0,"gpiob":0,"gpioc":32768,"gpiod":16408,"gpioe":272,"modeltime":0,"type":"gpio"}
,[4.3.2020 | 12:1:16] {"client-id":"af85aa2e-4b72-4b37-ac16-d371b23c71b7","gpioa":0,"gpiob":0,"gpioc":32768,"gpiod":16408,"gpioe":272,"modeltime":0,"type":"gpio"}
,[4.3.2020 | 12:1:16] {"client-id":"af85aa2e-4b72-4b37-ac16-d371b23c71b7","gpioa":0,"gpiob":0,"gpioc":32768,"gpiod":16408,"gpioe":272,"modeltime":0,"type":"gpio"}
,[4.3.2020 | 12:1:16] {"client-id":"af85aa2e-4b72-4b37-ac16-d371b23c71b7","gpioa":0,"gpiob":0,"gpioc":32768,"gpiod":16440,"gpioe":1296,"modeltime":0,"type":"gpio"}
,[4.3.2020 | 12:1:16] {"client-id":"af85aa2e-4b72-4b37-ac16-d371b23c71b7","gpioa":0,"gpiob":0,"gpioc":32768,"gpiod":16440,"gpioe":1296,"modeltime":0,"type":"gpio"}
,[4.3.2020 | 12:1:16] {"client-id":"af85aa2e-4b72-4b37-ac16-d371b23c71b7","gpioa":0,"gpiob":0,"gpioc":32768,"gpiod":16440,"gpioe":1296,"modeltime":0,"type":"gpio"}
,[4.3.2020 | 12:1:16] {"client-id":"af85aa2e-4b72-4b37-ac16-d371b23c71b7","gpioa":0,"gpiob":0,"gpioc":32768,"gpiod":16440,"gpioe":1296,"modeltime":0,"type":"gpio"}
,[4.3.2020 | 12:1:16] {"client-id":"af85aa2e-4b72-4b37-ac16-d371b23c71b7","gpioa":0,"gpiob":0,"gpioc":32768,"gpiod":16440,"gpioe":1296,"modeltime":0,"type":"gpio"}
,[4.3.2020 | 12:1:16] {"client-id":"af85aa2e-4b72-4b37-ac16-d371b23c71b7","gpioa":0,"gpiob":0,"gpioc":32768,"gpiod":16440,"gpioe":1296,"modeltime":0,"type":"gpio"}
,[4.3.2020 | 12:1:16] {"client-id":"af85aa2e-4b72-4b37-ac16-d371b23c71b7","gpioa":0,"gpiob":0,"gpioc":32768,"gpiod":16440,"gpioe":1296,"modeltime":0,"type":"gpio"}
,[4.3.2020 | 12:1:17] {"client-id":"af85aa2e-4b72-4b37-ac16-d371b23c71b7","gpioa":0,"gpiob":0,"gpioc":32768,"gpiod":16440,"gpioe":1296,"modeltime":0,"type":"gpio"}
,[4.3.2020 | 12:1:17] {"client-id":"af85aa2e-4b72-4b37-ac16-d371b23c71b7","gpioa":0,"gpiob":0,"gpioc":32768,"gpiod":16440,"gpioe":1296,"modeltime":0,"type":"gpio"}
,[4.3.2020 | 12:1:17] {"client-id":"af85aa2e-4b72-4b37-ac16-d371b23c71b7","gpioa":0,"gpiob":0,"gpioc":32768,"gpiod":16440,"gpioe":1296,"modeltime":0,"type":"gpio"}
,[4.3.2020 | 12:1:17] {"client-id":"af85aa2e-4b72-4b37-ac16-d371b23c71b7","gpioa":0,"gpiob":0,"gpioc":32768,"gpiod":16440,"gpioe":1296,"modeltime":0,"type":"gpio"}
,[4.3.2020 | 12:1:17] {"client-id":"af85aa2e-4b72-4b37-ac16-d371b23c71b7","gpioa":0,"gpiob":0,"gpioc":32768,"gpiod":16440,"gpioe":1296,"modeltime":0,"type":"gpio"}
,[4.3.2020 | 12:1:17] {"client-id":"af85aa2e-4b72-4b37-ac16-d371b23c71b7","gpioa":0,"gpiob":0,"gpioc":32768,"gpiod":16440,"gpioe":1296,"modeltime":0,"type":"gpio"}
,[4.3.2020 | 12:1:17] {"client-id":"af85aa2e-4b72-4b37-ac16-d371b23c71b7","gpioa":0,"gpiob":0,"gpioc":32768,"gpiod":16440,"gpioe":1296,"modeltime":0,"type":"gpio"}
,[4.3.2020 | 12:1:17] {"client-id":"af85aa2e-4b72-4b37-ac16-d371b23c71b7","gpioa":0,"gpiob":0,"gpioc":32768,"gpiod":16440,"gpioe":1296,"modeltime":0,"type":"gpio"}
,[4.3.2020 | 12:1:17] {"client-id":"af85aa2e-4b72-4b37-ac16-d371b23c71b7","gpioa":0,"gpiob":0,"gpioc":32768,"gpiod":16440,"gpioe":1296,"modeltime":0,"type":"gpio"}
,[4.3.2020 | 12:1:17] {"client-id":"af85aa2e-4b72-4b37-ac16-d371b23c71b7","gpioa":0,"gpiob":0,"gpioc":32768,"gpiod":16440,"gpioe":1296,"modeltime":0,"type":"gpio"}
,[4.3.2020 | 12:1:18] {"client-id":"af85aa2e-4b72-4b37-ac16-d371b23c71b7","gpioa":0,"gpiob":0,"gpioc":32768,"gpiod":16440,"gpioe":1296,"modeltime":0,"type":"gpio"}
,[4.3.2020 | 12:1:18] {"client-id":"af85aa2e-4b72-4b37-ac16-d371b23c71b7","gpioa":0,"gpiob":0,"gpioc":32768,"gpiod":16440,"gpioe":1296,"modeltime":0,"type":"gpio"}
,[4.3.2020 | 12:1:18] {"client-id":"af85aa2e-4b72-4b37-ac16-d371b23c71b7","gpioa":0,"gpiob":0,"gpioc":32768,"gpiod":16408,"gpioe":272,"modeltime":0,"type":"gpio"}
,[4.3.2020 | 12:1:18] {"client-id":"af85aa2e-4b72-4b37-ac16-d371b23c71b7","gpioa":0,"gpiob":0,"gpioc":32768,"gpiod":16408,"gpioe":272,"modeltime":0,"type":"gpio"}
,[4.3.2020 | 12:1:18] {"client-id":"af85aa2e-4b72-4b37-ac16-d371b23c71b7","gpioa":0,"gpiob":0,"gpioc":32768,"gpiod":16408,"gpioe":272,"modeltime":0,"type":"gpio"}
,[4.3.2020 | 12:1:18] {"client-id":"af85aa2e-4b72-4b37-ac16-d371b23c71b7","gpioa":0,"gpiob":0,"gpioc":32768,"gpiod":16408,"gpioe":272,"modeltime":0,"type":"gpio"}
,[4.3.2020 | 12:1:18] {"client-id":"af85aa2e-4b72-4b37-ac16-d371b23c71b7","gpioa":0,"gpiob":0,"gpioc":32768,"gpiod":16408,"gpioe":272,"modeltime":0,"type":"gpio"}
,[4.3.2020 | 12:1:18] {"client-id":"af85aa2e-4b72-4b37-ac16-d371b23c71b7","gpioa":0,"gpiob":0,"gpioc":32768,"gpiod":16408,"gpioe":272,"modeltime":0,"type":"gpio"}
,[4.3.2020 | 12:1:18] {"client-id":"af85aa2e-4b72-4b37-ac16-d371b23c71b7","gpioa":0,"gpiob":0,"gpioc":32768,"gpiod":16408,"gpioe":272,"modeltime":0,"type":"gpio"}
,[4.3.2020 | 12:1:18] {"client-id":"af85aa2e-4b72-4b37-ac16-d371b23c71b7","gpioa":0,"gpiob":0,"gpioc":32768,"gpiod":16408,"gpioe":272,"modeltime":0,"type":"gpio"}
,[4.3.2020 | 12:1:19] {"client-id":"af85aa2e-4b72-4b37-ac16-d371b23c71b7","gpioa":0,"gpiob":0,"gpioc":32768,"gpiod":16408,"gpioe":272,"modeltime":0,"type":"gpio"}
,[4.3.2020 | 12:1:19] {"client-id":"af85aa2e-4b72-4b37-ac16-d371b23c71b7","gpioa":0,"gpiob":0,"gpioc":32768,"gpiod":16400,"gpioe":256,"modeltime":0,"type":"gpio"}
,[4.3.2020 | 12:1:19] {"client-id":"af85aa2e-4b72-4b37-ac16-d371b23c71b7","gpioa":0,"gpiob":0,"gpioc":32768,"gpiod":16400,"gpioe":256,"modeltime":0,"type":"gpio"}
,[4.3.2020 | 12:1:19] {"client-id":"af85aa2e-4b72-4b37-ac16-d371b23c71b7","gpioa":0,"gpiob":0,"gpioc":32768,"gpiod":16400,"gpioe":256,"modeltime":0,"type":"gpio"}
,[4.3.2020 | 12:1:19] {"client-id":"af85aa2e-4b72-4b37-ac16-d371b23c71b7","gpioa":0,"gpiob":0,"gpioc":32768,"gpiod":16400,"gpioe":256,"modeltime":0,"type":"gpio"}
,[4.3.2020 | 12:1:19] {"client-id":"af85aa2e-4b72-4b37-ac16-d371b23c71b7","gpioa":0,"gpiob":0,"gpioc":32768,"gpiod":16400,"gpioe":256,"modeltime":0,"type":"gpio"}
,[4.3.2020 | 12:1:19] {"client-id":"af85aa2e-4b72-4b37-ac16-d371b23c71b7","gpioa":0,"gpiob":0,"gpioc":32768,"gpiod":16400,"gpioe":256,"modeltime":0,"type":"gpio"}
,[4.3.2020 | 12:1:19] {"client-id":"af85aa2e-4b72-4b37-ac16-d371b23c71b7","gpioa":0,"gpiob":0,"gpioc":32768,"gpiod":16400,"gpioe":256,"modeltime":0,"type":"gpio"}
,[4.3.2020 | 12:1:19] {"client-id":"af85aa2e-4b72-4b37-ac16-d371b23c71b7","gpioa":0,"gpiob":0,"gpioc":32768,"gpiod":16400,"gpioe":256,"modeltime":0,"type":"gpio"}
,[4.3.2020 | 12:1:19] {"client-id":"af85aa2e-4b72-4b37-ac16-d371b23c71b7","gpioa":0,"gpiob":0,"gpioc":32768,"gpiod":16400,"gpioe":256,"modeltime":0,"type":"gpio"}
,[4.3.2020 | 12:1:20] {"client-id":"af85aa2e-4b72-4b37-ac16-d371b23c71b7","gpioa":0,"gpiob":0,"gpioc":32768,"gpiod":16384,"gpioe":0,"modeltime":0,"type":"gpio"}
,[4.3.2020 | 12:1:20] {"client-id":"af85aa2e-4b72-4b37-ac16-d371b23c71b7","gpioa":0,"gpiob":0,"gpioc":32768,"gpiod":16384,"gpioe":0,"modeltime":0,"type":"gpio"}
,[4.3.2020 | 12:1:20] {"client-id":"af85aa2e-4b72-4b37-ac16-d371b23c71b7","gpioa":0,"gpiob":0,"gpioc":32768,"gpiod":16384,"gpioe":0,"modeltime":0,"type":"gpio"}
,[4.3.2020 | 12:1:20] {"client-id":"af85aa2e-4b72-4b37-ac16-d371b23c71b7","gpioa":0,"gpiob":0,"gpioc":32768,"gpiod":16384,"gpioe":0,"modeltime":0,"type":"gpio"}
,[4.3.2020 | 12:1:20] {"client-id":"af85aa2e-4b72-4b37-ac16-d371b23c71b7","gpioa":0,"gpiob":0,"gpioc":32768,"gpiod":16384,"gpioe":0,"modeltime":0,"type":"gpio"}
,[4.3.2020 | 12:1:20] {"client-id":"af85aa2e-4b72-4b37-ac16-d371b23c71b7","gpioa":0,"gpiob":0,"gpioc":32768,"gpiod":16384,"gpioe":0,"modeltime":0,"type":"gpio"}
,[4.3.2020 | 12:1:20] {"client-id":"af85aa2e-4b72-4b37-ac16-d371b23c71b7","gpioa":0,"gpiob":0,"gpioc":32768,"gpiod":16384,"gpioe":0,"modeltime":0,"type":"gpio"}
,[4.3.2020 | 12:1:20] {"client-id":"af85aa2e-4b72-4b37-ac16-d371b23c71b7","gpioa":0,"gpiob":0,"gpioc":32768,"gpiod":16416,"gpioe":1024,"modeltime":0,"type":"gpio"}
,[4.3.2020 | 12:1:20] {"client-id":"af85aa2e-4b72-4b37-ac16-d371b23c71b7","gpioa":0,"gpiob":0,"gpioc":32768,"gpiod":16416,"gpioe":1024,"modeltime":0,"type":"gpio"}
,[4.3.2020 | 12:1:20] {"client-id":"af85aa2e-4b72-4b37-ac16-d371b23c71b7","gpioa":0,"gpiob":0,"gpioc":32768,"gpiod":16416,"gpioe":1024,"modeltime":0,"type":"gpio"}
,[4.3.2020 | 12:1:21] {"client-id":"af85aa2e-4b72-4b37-ac16-d371b23c71b7","gpioa":0,"gpiob":0,"gpioc":32768,"gpiod":16416,"gpioe":1024,"modeltime":0,"type":"gpio"}
,[4.3.2020 | 12:1:21] {"client-id":"af85aa2e-4b72-4b37-ac16-d371b23c71b7","gpioa":0,"gpiob":0,"gpioc":32768,"gpiod":16416,"gpioe":1024,"modeltime":0,"type":"gpio"}
,[4.3.2020 | 12:1:21] {"client-id":"af85aa2e-4b72-4b37-ac16-d371b23c71b7","gpioa":0,"gpiob":0,"gpioc":32768,"gpiod":16416,"gpioe":1024,"modeltime":0,"type":"gpio"}
,[4.3.2020 | 12:1:21] {"client-id":"af85aa2e-4b72-4b37-ac16-d371b23c71b7","gpioa":0,"gpiob":0,"gpioc":32768,"gpiod":16416,"gpioe":1024,"modeltime":0,"type":"gpio"}
,[4.3.2020 | 12:1:21] {"client-id":"af85aa2e-4b72-4b37-ac16-d371b23c71b7","gpioa":0,"gpiob":0,"gpioc":32768,"gpiod":16416,"gpioe":1024,"modeltime":0,"type":"gpio"}
,[4.3.2020 | 12:1:21] {"client-id":"af85aa2e-4b72-4b37-ac16-d371b23c71b7","gpioa":0,"gpiob":0,"gpioc":32768,"gpiod":16416,"gpioe":1024,"modeltime":0,"type":"gpio"}
,[4.3.2020 | 12:1:21] {"client-id":"af85aa2e-4b72-4b37-ac16-d371b23c71b7","gpioa":0,"gpiob":0,"gpioc":32768,"gpiod":8240,"gpioe":5120,"modeltime":0,"type":"gpio"}
,[4.3.2020 | 12:1:21] {"client-id":"af85aa2e-4b72-4b37-ac16-d371b23c71b7","gpioa":0,"gpiob":0,"gpioc":32768,"gpiod":8240,"gpioe":5120,"modeltime":0,"type":"gpio"}
,[4.3.2020 | 12:1:21] {"client-id":"af85aa2e-4b72-4b37-ac16-d371b23c71b7","gpioa":0,"gpiob":0,"gpioc":32768,"gpiod":8240,"gpioe":5120,"modeltime":0,"type":"gpio"}
,[4.3.2020 | 12:1:21] {"client-id":"af85aa2e-4b72-4b37-ac16-d371b23c71b7","gpioa":0,"gpiob":0,"gpioc":32768,"gpiod":8240,"gpioe":5120,"modeltime":0,"type":"gpio"}
,[4.3.2020 | 12:1:22] {"client-id":"af85aa2e-4b72-4b37-ac16-d371b23c71b7","gpioa":0,"gpiob":0,"gpioc":32768,"gpiod":8240,"gpioe":5120,"modeltime":0,"type":"gpio"}
,[4.3.2020 | 12:1:22] {"client-id":"af85aa2e-4b72-4b37-ac16-d371b23c71b7","gpioa":0,"gpiob":0,"gpioc":32768,"gpiod":8288,"gpioe":5120,"modeltime":0,"type":"gpio"}
,[4.3.2020 | 12:1:22] {"client-id":"af85aa2e-4b72-4b37-ac16-d371b23c71b7","gpioa":0,"gpiob":0,"gpioc":32768,"gpiod":8288,"gpioe":5120,"modeltime":0,"type":"gpio"}
,[4.3.2020 | 12:1:22] {"client-id":"af85aa2e-4b72-4b37-ac16-d371b23c71b7","gpioa":0,"gpiob":0,"gpioc":32768,"gpiod":8288,"gpioe":5120,"modeltime":0,"type":"gpio"}
,[4.3.2020 | 12:1:22] {"client-id":"af85aa2e-4b72-4b37-ac16-d371b23c71b7","gpioa":0,"gpiob":0,"gpioc":32768,"gpiod":8288,"gpioe":5120,"modeltime":0,"type":"gpio"}
,[4.3.2020 | 12:1:22] {"client-id":"af85aa2e-4b72-4b37-ac16-d371b23c71b7","gpioa":0,"gpiob":0,"gpioc":32768,"gpiod":8288,"gpioe":5120,"modeltime":0,"type":"gpio"}
,[4.3.2020 | 12:1:22] {"client-id":"af85aa2e-4b72-4b37-ac16-d371b23c71b7","gpioa":0,"gpiob":0,"gpioc":32768,"gpiod":8512,"gpioe":5120,"modeltime":0,"type":"gpio"}
,[4.3.2020 | 12:1:22] {"client-id":"af85aa2e-4b72-4b37-ac16-d371b23c71b7","gpioa":0,"gpiob":0,"gpioc":32768,"gpiod":8512,"gpioe":5120,"modeltime":0,"type":"gpio"}
,[4.3.2020 | 12:1:22] {"client-id":"af85aa2e-4b72-4b37-ac16-d371b23c71b7","gpioa":0,"gpiob":0,"gpioc":32768,"gpiod":8512,"gpioe":5120,"modeltime":0,"type":"gpio"}
,[4.3.2020 | 12:1:22] {"client-id":"af85aa2e-4b72-4b37-ac16-d371b23c71b7","gpioa":0,"gpiob":0,"gpioc":32768,"gpiod":8512,"gpioe":5120,"modeltime":0,"type":"gpio"}
,[4.3.2020 | 12:1:23] {"client-id":"af85aa2e-4b72-4b37-ac16-d371b23c71b7","gpioa":0,"gpiob":0,"gpioc":32768,"gpiod":8512,"gpioe":5120,"modeltime":0,"type":"gpio"}
,[4.3.2020 | 12:1:23] {"client-id":"af85aa2e-4b72-4b37-ac16-d371b23c71b7","gpioa":0,"gpiob":0,"gpioc":32768,"gpiod":8960,"gpioe":5120,"modeltime":0,"type":"gpio"}
,[4.3.2020 | 12:1:23] {"client-id":"af85aa2e-4b72-4b37-ac16-d371b23c71b7","gpioa":0,"gpiob":0,"gpioc":32768,"gpiod":8960,"gpioe":5120,"modeltime":0,"type":"gpio"}
,[4.3.2020 | 12:1:23] {"client-id":"af85aa2e-4b72-4b37-ac16-d371b23c71b7","gpioa":0,"gpiob":0,"gpioc":32768,"gpiod":8960,"gpioe":5120,"modeltime":0,"type":"gpio"}
,[4.3.2020 | 12:1:23] {"client-id":"af85aa2e-4b72-4b37-ac16-d371b23c71b7","gpioa":0,"gpiob":0,"gpioc":32768,"gpiod":8960,"gpioe":5120,"modeltime":0,"type":"gpio"}
,[4.3.2020 | 12:1:23] {"client-id":"af85aa2e-4b72-4b37-ac16-d371b23c71b7","gpioa":0,"gpiob":0,"gpioc":32768,"gpiod":8960,"gpioe":5120,"modeltime":0,"type":"gpio"}
,[4.3.2020 | 12:1:23] {"client-id":"af85aa2e-4b72-4b37-ac16-d371b23c71b7","gpioa":0,"gpiob":0,"gpioc":32768,"gpiod":10752,"gpioe":5120,"modeltime":0,"type":"gpio"}
,[4.3.2020 | 12:1:23] {"client-id":"af85aa2e-4b72-4b37-ac16-d371b23c71b7","gpioa":0,"gpiob":0,"gpioc":32768,"gpiod":10752,"gpioe":5120,"modeltime":0,"type":"gpio"}
,[4.3.2020 | 12:1:23] {"client-id":"af85aa2e-4b72-4b37-ac16-d371b23c71b7","gpioa":0,"gpiob":0,"gpioc":32768,"gpiod":10752,"gpioe":5120,"modeltime":0,"type":"gpio"}
,[4.3.2020 | 12:1:23] {"client-id":"af85aa2e-4b72-4b37-ac16-d371b23c71b7","gpioa":0,"gpiob":0,"gpioc":32768,"gpiod":10752,"gpioe":5120,"modeltime":0,"type":"gpio"}
,[4.3.2020 | 12:1:24] {"client-id":"af85aa2e-4b72-4b37-ac16-d371b23c71b7","gpioa":0,"gpiob":0,"gpioc":32768,"gpiod":10752,"gpioe":5120,"modeltime":0,"type":"gpio"}
,[4.3.2020 | 12:1:24] {"client-id":"af85aa2e-4b72-4b37-ac16-d371b23c71b7","gpioa":0,"gpiob":0,"gpioc":32768,"gpiod":14336,"gpioe":5120,"modeltime":0,"type":"gpio"}
,[4.3.2020 | 12:1:24] {"client-id":"af85aa2e-4b72-4b37-ac16-d371b23c71b7","gpioa":0,"gpiob":0,"gpioc":32768,"gpiod":14336,"gpioe":5120,"modeltime":0,"type":"gpio"}
,[4.3.2020 | 12:1:24] {"client-id":"af85aa2e-4b72-4b37-ac16-d371b23c71b7","gpioa":0,"gpiob":0,"gpioc":32768,"gpiod":14336,"gpioe":5120,"modeltime":0,"type":"gpio"}
,[4.3.2020 | 12:1:24] {"client-id":"af85aa2e-4b72-4b37-ac16-d371b23c71b7","gpioa":0,"gpiob":0,"gpioc":32768,"gpiod":14336,"gpioe":5120,"modeltime":0,"type":"gpio"}
,[4.3.2020 | 12:1:24] {"client-id":"af85aa2e-4b72-4b37-ac16-d371b23c71b7","gpioa":0,"gpiob":0,"gpioc":32768,"gpiod":14336,"gpioe":5120,"modeltime":0,"type":"gpio"}
,[4.3.2020 | 12:1:24] {"client-id":"af85aa2e-4b72-4b37-ac16-d371b23c71b7","gpioa":0,"gpiob":0,"gpioc":32768,"gpiod":10752,"gpioe":5120,"modeltime":0,"type":"gpio"}
,[4.3.2020 | 12:1:24] {"client-id":"af85aa2e-4b72-4b37-ac16-d371b23c71b7","gpioa":0,"gpiob":0,"gpioc":32768,"gpiod":10752,"gpioe":5120,"modeltime":0,"type":"gpio"}
,[4.3.2020 | 12:1:24] {"client-id":"af85aa2e-4b72-4b37-ac16-d371b23c71b7","gpioa":0,"gpiob":0,"gpioc":32768,"gpiod":10752,"gpioe":5120,"modeltime":0,"type":"gpio"}
,[4.3.2020 | 12:1:24] {"client-id":"af85aa2e-4b72-4b37-ac16-d371b23c71b7","gpioa":0,"gpiob":0,"gpioc":32768,"gpiod":10752,"gpioe":5120,"modeltime":0,"type":"gpio"}
,[4.3.2020 | 12:1:25] {"client-id":"af85aa2e-4b72-4b37-ac16-d371b23c71b7","gpioa":0,"gpiob":0,"gpioc":32768,"gpiod":10752,"gpioe":5120,"modeltime":0,"type":"gpio"}
,[4.3.2020 | 12:1:25] {"client-id":"af85aa2e-4b72-4b37-ac16-d371b23c71b7","gpioa":0,"gpiob":0,"gpioc":32768,"gpiod":8960,"gpioe":5120,"modeltime":0,"type":"gpio"}
,[4.3.2020 | 12:1:25] {"client-id":"af85aa2e-4b72-4b37-ac16-d371b23c71b7","gpioa":0,"gpiob":0,"gpioc":32768,"gpiod":8960,"gpioe":5120,"modeltime":0,"type":"gpio"}
,[4.3.2020 | 12:1:25] {"client-id":"af85aa2e-4b72-4b37-ac16-d371b23c71b7","gpioa":0,"gpiob":0,"gpioc":32768,"gpiod":8960,"gpioe":5120,"modeltime":0,"type":"gpio"}
,[4.3.2020 | 12:1:25] {"client-id":"af85aa2e-4b72-4b37-ac16-d371b23c71b7","gpioa":0,"gpiob":0,"gpioc":32768,"gpiod":8960,"gpioe":5120,"modeltime":0,"type":"gpio"}
,[4.3.2020 | 12:1:25] {"client-id":"af85aa2e-4b72-4b37-ac16-d371b23c71b7","gpioa":0,"gpiob":0,"gpioc":32768,"gpiod":8960,"gpioe":5120,"modeltime":0,"type":"gpio"}
,[4.3.2020 | 12:1:25] {"client-id":"af85aa2e-4b72-4b37-ac16-d371b23c71b7","gpioa":0,"gpiob":0,"gpioc":32768,"gpiod":8512,"gpioe":5120,"modeltime":0,"type":"gpio"}
,[4.3.2020 | 12:1:25] {"client-id":"af85aa2e-4b72-4b37-ac16-d371b23c71b7","gpioa":0,"gpiob":0,"gpioc":32768,"gpiod":8512,"gpioe":5120,"modeltime":0,"type":"gpio"}
,[4.3.2020 | 12:1:25] {"client-id":"af85aa2e-4b72-4b37-ac16-d371b23c71b7","gpioa":0,"gpiob":0,"gpioc":32768,"gpiod":8512,"gpioe":5120,"modeltime":0,"type":"gpio"}
,[4.3.2020 | 12:1:25] {"client-id":"af85aa2e-4b72-4b37-ac16-d371b23c71b7","gpioa":0,"gpiob":0,"gpioc":32768,"gpiod":8512,"gpioe":5120,"modeltime":0,"type":"gpio"}
,[4.3.2020 | 12:1:26] {"client-id":"af85aa2e-4b72-4b37-ac16-d371b23c71b7","gpioa":0,"gpiob":0,"gpioc":32768,"gpiod":8512,"gpioe":5120,"modeltime":0,"type":"gpio"}
,[4.3.2020 | 12:1:26] {"client-id":"af85aa2e-4b72-4b37-ac16-d371b23c71b7","gpioa":0,"gpiob":0,"gpioc":32768,"gpiod":8288,"gpioe":5120,"modeltime":0,"type":"gpio"}
,[4.3.2020 | 12:1:26] {"client-id":"af85aa2e-4b72-4b37-ac16-d371b23c71b7","gpioa":0,"gpiob":0,"gpioc":32768,"gpiod":8288,"gpioe":5120,"modeltime":0,"type":"gpio"}
,[4.3.2020 | 12:1:26] {"client-id":"af85aa2e-4b72-4b37-ac16-d371b23c71b7","gpioa":0,"gpiob":0,"gpioc":32768,"gpiod":8288,"gpioe":5120,"modeltime":0,"type":"gpio"}
,[4.3.2020 | 12:1:26] {"client-id":"af85aa2e-4b72-4b37-ac16-d371b23c71b7","gpioa":0,"gpiob":0,"gpioc":32768,"gpiod":8288,"gpioe":5120,"modeltime":0,"type":"gpio"}
,[4.3.2020 | 12:1:26] {"client-id":"af85aa2e-4b72-4b37-ac16-d371b23c71b7","gpioa":0,"gpiob":0,"gpioc":0,"gpiod":8288,"gpioe":5120,"modeltime":0,"type":"gpio"}
,[4.3.2020 | 12:1:26] {"client-id":"af85aa2e-4b72-4b37-ac16-d371b23c71b7","gpioa":0,"gpiob":0,"gpioc":0,"gpiod":32816,"gpioe":5120,"modeltime":0,"type":"gpio"}
,[4.3.2020 | 12:1:26] {"client-id":"af85aa2e-4b72-4b37-ac16-d371b23c71b7","gpioa":0,"gpiob":0,"gpioc":0,"gpiod":32816,"gpioe":5120,"modeltime":0,"type":"gpio"}
,[4.3.2020 | 12:1:26] {"client-id":"af85aa2e-4b72-4b37-ac16-d371b23c71b7","gpioa":0,"gpiob":0,"gpioc":0,"gpiod":32816,"gpioe":5120,"modeltime":0,"type":"gpio"}
,[4.3.2020 | 12:1:26] {"client-id":"af85aa2e-4b72-4b37-ac16-d371b23c71b7","gpioa":0,"gpiob":0,"gpioc":0,"gpiod":32816,"gpioe":5120,"modeltime":0,"type":"gpio"}
,[4.3.2020 | 12:1:27] {"client-id":"af85aa2e-4b72-4b37-ac16-d371b23c71b7","gpioa":0,"gpiob":0,"gpioc":32768,"gpiod":32816,"gpioe":5120,"modeltime":0,"type":"gpio"}
,[4.3.2020 | 12:1:27] {"client-id":"af85aa2e-4b72-4b37-ac16-d371b23c71b7","gpioa":0,"gpiob":0,"gpioc":32768,"gpiod":32816,"gpioe":5120,"modeltime":0,"type":"gpio"}
,[4.3.2020 | 12:1:27] {"client-id":"af85aa2e-4b72-4b37-ac16-d371b23c71b7","gpioa":0,"gpiob":0,"gpioc":32768,"gpiod":32816,"gpioe":5120,"modeltime":0,"type":"gpio"}
,[4.3.2020 | 12:1:27] {"client-id":"af85aa2e-4b72-4b37-ac16-d371b23c71b7","gpioa":0,"gpiob":0,"gpioc":32768,"gpiod":32816,"gpioe":5120,"modeltime":0,"type":"gpio"}
,[4.3.2020 | 12:1:27] {"client-id":"af85aa2e-4b72-4b37-ac16-d371b23c71b7","gpioa":0,"gpiob":0,"gpioc":32768,"gpiod":32816,"gpioe":5120,"modeltime":0,"type":"gpio"}
,[4.3.2020 | 12:1:27] {"client-id":"af85aa2e-4b72-4b37-ac16-d371b23c71b7","gpioa":0,"gpiob":0,"gpioc":32768,"gpiod":32816,"gpioe":5120,"modeltime":0,"type":"gpio"}
,[4.3.2020 | 12:1:27] {"client-id":"af85aa2e-4b72-4b37-ac16-d371b23c71b7","gpioa":0,"gpiob":0,"gpioc":32768,"gpiod":32816,"gpioe":5120,"modeltime":0,"type":"gpio"}
,[4.3.2020 | 12:1:27] {"client-id":"af85aa2e-4b72-4b37-ac16-d371b23c71b7","gpioa":0,"gpiob":0,"gpioc":32768,"gpiod":32816,"gpioe":5120,"modeltime":0,"type":"gpio"}
,[4.3.2020 | 12:1:27] {"client-id":"af85aa2e-4b72-4b37-ac16-d371b23c71b7","gpioa":0,"gpiob":0,"gpioc":32768,"gpiod":32816,"gpioe":5120,"modeltime":0,"type":"gpio"}
,[4.3.2020 | 12:1:27] {"client-id":"af85aa2e-4b72-4b37-ac16-d371b23c71b7","gpioa":0,"gpiob":0,"gpioc":32768,"gpiod":32816,"gpioe":5120,"modeltime":0,"type":"gpio"}
,[4.3.2020 | 12:1:28] {"client-id":"af85aa2e-4b72-4b37-ac16-d371b23c71b7","gpioa":0,"gpiob":0,"gpioc":32768,"gpiod":32816,"gpioe":5120,"modeltime":0,"type":"gpio"}
,[4.3.2020 | 12:1:28] {"client-id":"af85aa2e-4b72-4b37-ac16-d371b23c71b7","gpioa":0,"gpiob":0,"gpioc":32768,"gpiod":32816,"gpioe":5120,"modeltime":0,"type":"gpio"}
,[4.3.2020 | 12:1:28] {"client-id":"af85aa2e-4b72-4b37-ac16-d371b23c71b7","gpioa":0,"gpiob":0,"gpioc":0,"gpiod":32816,"gpioe":5120,"modeltime":0,"type":"gpio"}
,[4.3.2020 | 12:1:28] {"client-id":"af85aa2e-4b72-4b37-ac16-d371b23c71b7","gpioa":0,"gpiob":0,"gpioc":0,"gpiod":32816,"gpioe":5120,"modeltime":0,"type":"gpio"}
,[4.3.2020 | 12:1:28] {"client-id":"af85aa2e-4b72-4b37-ac16-d371b23c71b7","gpioa":0,"gpiob":0,"gpioc":0,"gpiod":32816,"gpioe":5120,"modeltime":0,"type":"gpio"}
,[4.3.2020 | 12:1:28] {"client-id":"af85aa2e-4b72-4b37-ac16-d371b23c71b7","gpioa":0,"gpiob":0,"gpioc":0,"gpiod":32816,"gpioe":5120,"modeltime":0,"type":"gpio"}
,[4.3.2020 | 12:1:28] {"client-id":"af85aa2e-4b72-4b37-ac16-d371b23c71b7","gpioa":0,"gpiob":0,"gpioc":0,"gpiod":32816,"gpioe":5120,"modeltime":0,"type":"gpio"}
,[4.3.2020 | 12:1:28] {"client-id":"af85aa2e-4b72-4b37-ac16-d371b23c71b7","gpioa":0,"gpiob":0,"gpioc":32768,"gpiod":32816,"gpioe":5120,"modeltime":0,"type":"gpio"}
,[4.3.2020 | 12:1:28] {"client-id":"af85aa2e-4b72-4b37-ac16-d371b23c71b7","gpioa":0,"gpiob":0,"gpioc":32768,"gpiod":32816,"gpioe":5120,"modeltime":0,"type":"gpio"}
,[4.3.2020 | 12:1:28] {"client-id":"af85aa2e-4b72-4b37-ac16-d371b23c71b7","gpioa":0,"gpiob":0,"gpioc":32768,"gpiod":32816,"gpioe":5120,"modeltime":0,"type":"gpio"}
,[4.3.2020 | 12:1:29] {"client-id":"af85aa2e-4b72-4b37-ac16-d371b23c71b7","gpioa":0,"gpiob":0,"gpioc":32768,"gpiod":32816,"gpioe":5120,"modeltime":0,"type":"gpio"}
,[4.3.2020 | 12:1:29] {"client-id":"af85aa2e-4b72-4b37-ac16-d371b23c71b7","gpioa":0,"gpiob":0,"gpioc":32768,"gpiod":8216,"gpioe":5120,"modeltime":0,"type":"gpio"}
,[4.3.2020 | 12:1:29] {"client-id":"af85aa2e-4b72-4b37-ac16-d371b23c71b7","gpioa":0,"gpiob":0,"gpioc":32768,"gpiod":8216,"gpioe":5120,"modeltime":0,"type":"gpio"}
,[4.3.2020 | 12:1:29] {"client-id":"af85aa2e-4b72-4b37-ac16-d371b23c71b7","gpioa":0,"gpiob":0,"gpioc":32768,"gpiod":8216,"gpioe":5120,"modeltime":0,"type":"gpio"}
,[4.3.2020 | 12:1:29] {"client-id":"af85aa2e-4b72-4b37-ac16-d371b23c71b7","gpioa":0,"gpiob":0,"gpioc":32768,"gpiod":8216,"gpioe":5120,"modeltime":0,"type":"gpio"}
,[4.3.2020 | 12:1:29] {"client-id":"af85aa2e-4b72-4b37-ac16-d371b23c71b7","gpioa":0,"gpiob":0,"gpioc":32768,"gpiod":8216,"gpioe":5120,"modeltime":0,"type":"gpio"}
,[4.3.2020 | 12:1:29] {"client-id":"af85aa2e-4b72-4b37-ac16-d371b23c71b7","gpioa":0,"gpiob":0,"gpioc":32768,"gpiod":8240,"gpioe":5120,"modeltime":0,"type":"gpio"}
,[4.3.2020 | 12:1:29] {"client-id":"af85aa2e-4b72-4b37-ac16-d371b23c71b7","gpioa":0,"gpiob":0,"gpioc":32768,"gpiod":8240,"gpioe":5120,"modeltime":0,"type":"gpio"}
,[4.3.2020 | 12:1:29] {"client-id":"af85aa2e-4b72-4b37-ac16-d371b23c71b7","gpioa":0,"gpiob":0,"gpioc":32768,"gpiod":8240,"gpioe":5120,"modeltime":0,"type":"gpio"}
,[4.3.2020 | 12:1:29] {"client-id":"af85aa2e-4b72-4b37-ac16-d371b23c71b7","gpioa":0,"gpiob":0,"gpioc":32768,"gpiod":8240,"gpioe":5120,"modeltime":0,"type":"gpio"}
,[4.3.2020 | 12:1:30] {"client-id":"af85aa2e-4b72-4b37-ac16-d371b23c71b7","gpioa":0,"gpiob":0,"gpioc":32768,"gpiod":8240,"gpioe":5120,"modeltime":0,"type":"gpio"}
,[4.3.2020 | 12:1:30] {"client-id":"af85aa2e-4b72-4b37-ac16-d371b23c71b7","gpioa":0,"gpiob":0,"gpioc":32768,"gpiod":8288,"gpioe":5120,"modeltime":0,"type":"gpio"}
,[4.3.2020 | 12:1:30] {"client-id":"af85aa2e-4b72-4b37-ac16-d371b23c71b7","gpioa":0,"gpiob":0,"gpioc":32768,"gpiod":8288,"gpioe":5120,"modeltime":0,"type":"gpio"}
,[4.3.2020 | 12:1:30] {"client-id":"af85aa2e-4b72-4b37-ac16-d371b23c71b7","gpioa":0,"gpiob":0,"gpioc":32768,"gpiod":8288,"gpioe":5120,"modeltime":0,"type":"gpio"}
,[4.3.2020 | 12:1:30] {"client-id":"af85aa2e-4b72-4b37-ac16-d371b23c71b7","gpioa":0,"gpiob":0,"gpioc":32768,"gpiod":8288,"gpioe":5120,"modeltime":0,"type":"gpio"}
,[4.3.2020 | 12:1:30] {"client-id":"af85aa2e-4b72-4b37-ac16-d371b23c71b7","gpioa":0,"gpiob":0,"gpioc":32768,"gpiod":8288,"gpioe":5120,"modeltime":0,"type":"gpio"}
,[4.3.2020 | 12:1:30] {"client-id":"af85aa2e-4b72-4b37-ac16-d371b23c71b7","gpioa":0,"gpiob":0,"gpioc":32768,"gpiod":8512,"gpioe":5120,"modeltime":0,"type":"gpio"}
,[4.3.2020 | 12:1:30] {"client-id":"af85aa2e-4b72-4b37-ac16-d371b23c71b7","gpioa":0,"gpiob":0,"gpioc":32768,"gpiod":8512,"gpioe":5120,"modeltime":0,"type":"gpio"}
,[4.3.2020 | 12:1:30] {"client-id":"af85aa2e-4b72-4b37-ac16-d371b23c71b7","gpioa":0,"gpiob":0,"gpioc":32768,"gpiod":8512,"gpioe":5120,"modeltime":0,"type":"gpio"}
,[4.3.2020 | 12:1:30] {"client-id":"af85aa2e-4b72-4b37-ac16-d371b23c71b7","gpioa":0,"gpiob":0,"gpioc":32768,"gpiod":8512,"gpioe":5120,"modeltime":0,"type":"gpio"}
,[4.3.2020 | 12:1:31] {"client-id":"af85aa2e-4b72-4b37-ac16-d371b23c71b7","gpioa":0,"gpiob":0,"gpioc":32768,"gpiod":8512,"gpioe":5120,"modeltime":0,"type":"gpio"}
,[4.3.2020 | 12:1:31] {"client-id":"af85aa2e-4b72-4b37-ac16-d371b23c71b7","gpioa":0,"gpiob":0,"gpioc":32768,"gpiod":8960,"gpioe":5120,"modeltime":0,"type":"gpio"}
,[4.3.2020 | 12:1:31] {"client-id":"af85aa2e-4b72-4b37-ac16-d371b23c71b7","gpioa":0,"gpiob":0,"gpioc":32768,"gpiod":8960,"gpioe":5120,"modeltime":0,"type":"gpio"}
,[4.3.2020 | 12:1:31] {"client-id":"af85aa2e-4b72-4b37-ac16-d371b23c71b7","gpioa":0,"gpiob":0,"gpioc":32768,"gpiod":8960,"gpioe":5120,"modeltime":0,"type":"gpio"}
,[4.3.2020 | 12:1:31] {"client-id":"af85aa2e-4b72-4b37-ac16-d371b23c71b7","gpioa":0,"gpiob":0,"gpioc":32768,"gpiod":8960,"gpioe":5120,"modeltime":0,"type":"gpio"}
,[4.3.2020 | 12:1:31] {"client-id":"af85aa2e-4b72-4b37-ac16-d371b23c71b7","gpioa":0,"gpiob":0,"gpioc":32768,"gpiod":8960,"gpioe":5120,"modeltime":0,"type":"gpio"}
,[4.3.2020 | 12:1:31] {"client-id":"af85aa2e-4b72-4b37-ac16-d371b23c71b7","gpioa":0,"gpiob":0,"gpioc":32768,"gpiod":10752,"gpioe":5120,"modeltime":0,"type":"gpio"}
,[4.3.2020 | 12:1:31] {"client-id":"af85aa2e-4b72-4b37-ac16-d371b23c71b7","gpioa":0,"gpiob":0,"gpioc":32768,"gpiod":10752,"gpioe":5120,"modeltime":0,"type":"gpio"}
,[4.3.2020 | 12:1:31] {"client-id":"af85aa2e-4b72-4b37-ac16-d371b23c71b7","gpioa":0,"gpiob":0,"gpioc":32768,"gpiod":10752,"gpioe":5120,"modeltime":0,"type":"gpio"}
,[4.3.2020 | 12:1:32] {"client-id":"af85aa2e-4b72-4b37-ac16-d371b23c71b7","gpioa":0,"gpiob":0,"gpioc":32768,"gpiod":10752,"gpioe":5120,"modeltime":0,"type":"gpio"}
,[4.3.2020 | 12:1:32] {"client-id":"af85aa2e-4b72-4b37-ac16-d371b23c71b7","gpioa":0,"gpiob":0,"gpioc":32768,"gpiod":10752,"gpioe":5120,"modeltime":0,"type":"gpio"}
,[4.3.2020 | 12:1:32] {"client-id":"af85aa2e-4b72-4b37-ac16-d371b23c71b7","gpioa":0,"gpiob":0,"gpioc":32768,"gpiod":14336,"gpioe":5120,"modeltime":0,"type":"gpio"}
,[4.3.2020 | 12:1:32] {"client-id":"af85aa2e-4b72-4b37-ac16-d371b23c71b7","gpioa":0,"gpiob":0,"gpioc":32768,"gpiod":14336,"gpioe":5120,"modeltime":0,"type":"gpio"}
,[4.3.2020 | 12:1:32] {"client-id":"af85aa2e-4b72-4b37-ac16-d371b23c71b7","gpioa":0,"gpiob":0,"gpioc":32768,"gpiod":14336,"gpioe":5120,"modeltime":0,"type":"gpio"}
,[4.3.2020 | 12:1:32] {"client-id":"af85aa2e-4b72-4b37-ac16-d371b23c71b7","gpioa":0,"gpiob":0,"gpioc":32768,"gpiod":14336,"gpioe":5120,"modeltime":0,"type":"gpio"}
,[4.3.2020 | 12:1:32] {"client-id":"af85aa2e-4b72-4b37-ac16-d371b23c71b7","gpioa":0,"gpiob":0,"gpioc":32768,"gpiod":14336,"gpioe":5120,"modeltime":0,"type":"gpio"}
,[4.3.2020 | 12:1:32] {"client-id":"af85aa2e-4b72-4b37-ac16-d371b23c71b7","gpioa":0,"gpiob":0,"gpioc":32768,"gpiod":10752,"gpioe":5120,"modeltime":0,"type":"gpio"}
,[4.3.2020 | 12:1:32] {"client-id":"af85aa2e-4b72-4b37-ac16-d371b23c71b7","gpioa":0,"gpiob":0,"gpioc":32768,"gpiod":10752,"gpioe":5120,"modeltime":0,"type":"gpio"}
,[4.3.2020 | 12:1:32] {"client-id":"af85aa2e-4b72-4b37-ac16-d371b23c71b7","gpioa":0,"gpiob":0,"gpioc":32768,"gpiod":10752,"gpioe":5120,"modeltime":0,"type":"gpio"}
,[4.3.2020 | 12:1:33] {"client-id":"af85aa2e-4b72-4b37-ac16-d371b23c71b7","gpioa":0,"gpiob":0,"gpioc":32768,"gpiod":10752,"gpioe":5120,"modeltime":0,"type":"gpio"}
,[4.3.2020 | 12:1:33] {"client-id":"af85aa2e-4b72-4b37-ac16-d371b23c71b7","gpioa":0,"gpiob":0,"gpioc":32768,"gpiod":10752,"gpioe":5120,"modeltime":0,"type":"gpio"}
,[4.3.2020 | 12:1:33] {"client-id":"af85aa2e-4b72-4b37-ac16-d371b23c71b7","gpioa":0,"gpiob":0,"gpioc":32768,"gpiod":8960,"gpioe":5120,"modeltime":0,"type":"gpio"}
,[4.3.2020 | 12:1:33] {"client-id":"af85aa2e-4b72-4b37-ac16-d371b23c71b7","gpioa":0,"gpiob":0,"gpioc":32768,"gpiod":8960,"gpioe":5120,"modeltime":0,"type":"gpio"}
,[4.3.2020 | 12:1:33] {"client-id":"af85aa2e-4b72-4b37-ac16-d371b23c71b7","gpioa":0,"gpiob":0,"gpioc":32768,"gpiod":8960,"gpioe":5120,"modeltime":0,"type":"gpio"}
,[4.3.2020 | 12:1:33] {"client-id":"af85aa2e-4b72-4b37-ac16-d371b23c71b7","gpioa":0,"gpiob":0,"gpioc":32768,"gpiod":8960,"gpioe":5120,"modeltime":0,"type":"gpio"}
,[4.3.2020 | 12:1:33] {"client-id":"af85aa2e-4b72-4b37-ac16-d371b23c71b7","gpioa":0,"gpiob":0,"gpioc":32768,"gpiod":8960,"gpioe":1024,"modeltime":0,"type":"gpio"}
,[4.3.2020 | 12:1:33] {"client-id":"af85aa2e-4b72-4b37-ac16-d371b23c71b7","gpioa":0,"gpiob":0,"gpioc":32768,"gpiod":16416,"gpioe":1024,"modeltime":0,"type":"gpio"}
,[4.3.2020 | 12:1:33] {"client-id":"af85aa2e-4b72-4b37-ac16-d371b23c71b7","gpioa":0,"gpiob":0,"gpioc":32768,"gpiod":16416,"gpioe":1024,"modeltime":0,"type":"gpio"}
,[4.3.2020 | 12:1:33] {"client-id":"af85aa2e-4b72-4b37-ac16-d371b23c71b7","gpioa":0,"gpiob":0,"gpioc":32768,"gpiod":16416,"gpioe":1024,"modeltime":0,"type":"gpio"}
,[4.3.2020 | 12:1:34] {"client-id":"af85aa2e-4b72-4b37-ac16-d371b23c71b7","gpioa":0,"gpiob":0,"gpioc":32768,"gpiod":16416,"gpioe":1024,"modeltime":0,"type":"gpio"}
,[4.3.2020 | 12:1:34] {"client-id":"af85aa2e-4b72-4b37-ac16-d371b23c71b7","gpioa":0,"gpiob":0,"gpioc":32768,"gpiod":16416,"gpioe":1024,"modeltime":0,"type":"gpio"}
,[4.3.2020 | 12:1:34] {"client-id":"af85aa2e-4b72-4b37-ac16-d371b23c71b7","gpioa":0,"gpiob":0,"gpioc":32768,"gpiod":16416,"gpioe":1024,"modeltime":0,"type":"gpio"}
,[4.3.2020 | 12:1:34] {"client-id":"af85aa2e-4b72-4b37-ac16-d371b23c71b7","gpioa":0,"gpiob":0,"gpioc":32768,"gpiod":16416,"gpioe":1024,"modeltime":0,"type":"gpio"}
,[4.3.2020 | 12:1:34] {"client-id":"af85aa2e-4b72-4b37-ac16-d371b23c71b7","gpioa":0,"gpiob":0,"gpioc":32768,"gpiod":16416,"gpioe":1024,"modeltime":0,"type":"gpio"}
,[4.3.2020 | 12:1:34] {"client-id":"af85aa2e-4b72-4b37-ac16-d371b23c71b7","gpioa":0,"gpiob":0,"gpioc":32768,"gpiod":16416,"gpioe":1024,"modeltime":0,"type":"gpio"}
,[4.3.2020 | 12:1:34] {"client-id":"af85aa2e-4b72-4b37-ac16-d371b23c71b7","gpioa":0,"gpiob":0,"gpioc":32768,"gpiod":16416,"gpioe":1024,"modeltime":0,"type":"gpio"}
,[4.3.2020 | 12:1:34] {"client-id":"af85aa2e-4b72-4b37-ac16-d371b23c71b7","gpioa":0,"gpiob":0,"gpioc":32768,"gpiod":16384,"gpioe":0,"modeltime":0,"type":"gpio"}
,[4.3.2020 | 12:1:34] {"client-id":"af85aa2e-4b72-4b37-ac16-d371b23c71b7","gpioa":0,"gpiob":0,"gpioc":32768,"gpiod":16384,"gpioe":0,"modeltime":0,"type":"gpio"}
,[4.3.2020 | 12:1:34] {"client-id":"af85aa2e-4b72-4b37-ac16-d371b23c71b7","gpioa":0,"gpiob":0,"gpioc":32768,"gpiod":16384,"gpioe":0,"modeltime":0,"type":"gpio"}
,[4.3.2020 | 12:1:35] {"client-id":"af85aa2e-4b72-4b37-ac16-d371b23c71b7","gpioa":0,"gpiob":0,"gpioc":32768,"gpiod":16384,"gpioe":0,"modeltime":0,"type":"gpio"}
,[4.3.2020 | 12:1:35] {"client-id":"af85aa2e-4b72-4b37-ac16-d371b23c71b7","gpioa":0,"gpiob":0,"gpioc":32768,"gpiod":16384,"gpioe":0,"modeltime":0,"type":"gpio"}
,[4.3.2020 | 12:1:35] {"client-id":"af85aa2e-4b72-4b37-ac16-d371b23c71b7","gpioa":0,"gpiob":0,"gpioc":32768,"gpiod":16384,"gpioe":0,"modeltime":0,"type":"gpio"}
,[4.3.2020 | 12:1:35] {"client-id":"af85aa2e-4b72-4b37-ac16-d371b23c71b7","gpioa":0,"gpiob":0,"gpioc":32768,"gpiod":16384,"gpioe":0,"modeltime":0,"type":"gpio"}
,[4.3.2020 | 12:1:35] {"client-id":"af85aa2e-4b72-4b37-ac16-d371b23c71b7","gpioa":0,"gpiob":0,"gpioc":32768,"gpiod":16400,"gpioe":256,"modeltime":0,"type":"gpio"}
,[4.3.2020 | 12:1:35] {"client-id":"af85aa2e-4b72-4b37-ac16-d371b23c71b7","gpioa":0,"gpiob":0,"gpioc":32768,"gpiod":16400,"gpioe":256,"modeltime":0,"type":"gpio"}
,[4.3.2020 | 12:1:35] {"client-id":"af85aa2e-4b72-4b37-ac16-d371b23c71b7","gpioa":0,"gpiob":0,"gpioc":32768,"gpiod":16400,"gpioe":256,"modeltime":0,"type":"gpio"}
,[4.3.2020 | 12:1:35] {"client-id":"af85aa2e-4b72-4b37-ac16-d371b23c71b7","gpioa":0,"gpiob":0,"gpioc":32768,"gpiod":16400,"gpioe":256,"modeltime":0,"type":"gpio"}
,[4.3.2020 | 12:1:35] {"client-id":"af85aa2e-4b72-4b37-ac16-d371b23c71b7","gpioa":0,"gpiob":0,"gpioc":32768,"gpiod":16400,"gpioe":256,"modeltime":0,"type":"gpio"}
,[4.3.2020 | 12:1:35] {"client-id":"af85aa2e-4b72-4b37-ac16-d371b23c71b7","gpioa":0,"gpiob":0,"gpioc":32768,"gpiod":16400,"gpioe":256,"modeltime":0,"type":"gpio"}
,[4.3.2020 | 12:1:36] {"client-id":"af85aa2e-4b72-4b37-ac16-d371b23c71b7","gpioa":0,"gpiob":0,"gpioc":32768,"gpiod":16408,"gpioe":272,"modeltime":0,"type":"gpio"}
,[4.3.2020 | 12:1:36] {"client-id":"af85aa2e-4b72-4b37-ac16-d371b23c71b7","gpioa":0,"gpiob":0,"gpioc":32768,"gpiod":16408,"gpioe":272,"modeltime":0,"type":"gpio"}
,[4.3.2020 | 12:1:36] {"client-id":"af85aa2e-4b72-4b37-ac16-d371b23c71b7","gpioa":0,"gpiob":0,"gpioc":32768,"gpiod":16408,"gpioe":272,"modeltime":0,"type":"gpio"}
,[4.3.2020 | 12:1:36] {"client-id":"af85aa2e-4b72-4b37-ac16-d371b23c71b7","gpioa":0,"gpiob":0,"gpioc":32768,"gpiod":16408,"gpioe":272,"modeltime":0,"type":"gpio"}
,[4.3.2020 | 12:1:36] {"client-id":"af85aa2e-4b72-4b37-ac16-d371b23c71b7","gpioa":0,"gpiob":0,"gpioc":32768,"gpiod":16408,"gpioe":272,"modeltime":0,"type":"gpio"}
,[4.3.2020 | 12:1:36] {"client-id":"af85aa2e-4b72-4b37-ac16-d371b23c71b7","gpioa":0,"gpiob":0,"gpioc":32768,"gpiod":16440,"gpioe":1296,"modeltime":0,"type":"gpio"}
,[4.3.2020 | 12:1:36] {"client-id":"af85aa2e-4b72-4b37-ac16-d371b23c71b7","gpioa":0,"gpiob":0,"gpioc":32768,"gpiod":16440,"gpioe":1296,"modeltime":0,"type":"gpio"}
,[4.3.2020 | 12:1:36] {"client-id":"af85aa2e-4b72-4b37-ac16-d371b23c71b7","gpioa":0,"gpiob":0,"gpioc":32768,"gpiod":16440,"gpioe":1296,"modeltime":0,"type":"gpio"}
,[4.3.2020 | 12:1:36] {"client-id":"af85aa2e-4b72-4b37-ac16-d371b23c71b7","gpioa":0,"gpiob":0,"gpioc":32768,"gpiod":16440,"gpioe":1296,"modeltime":0,"type":"gpio"}
,[4.3.2020 | 12:1:36] {"client-id":"af85aa2e-4b72-4b37-ac16-d371b23c71b7","gpioa":0,"gpiob":0,"gpioc":32768,"gpiod":16440,"gpioe":1296,"modeltime":0,"type":"gpio"}
,[4.3.2020 | 12:1:37] {"client-id":"af85aa2e-4b72-4b37-ac16-d371b23c71b7","gpioa":0,"gpiob":0,"gpioc":32768,"gpiod":16504,"gpioe":5392,"modeltime":0,"type":"gpio"}
,[4.3.2020 | 12:1:37] {"client-id":"af85aa2e-4b72-4b37-ac16-d371b23c71b7","gpioa":0,"gpiob":0,"gpioc":32768,"gpiod":16504,"gpioe":5392,"modeltime":0,"type":"gpio"}
,[4.3.2020 | 12:1:37] {"client-id":"af85aa2e-4b72-4b37-ac16-d371b23c71b7","gpioa":0,"gpiob":0,"gpioc":32768,"gpiod":16504,"gpioe":5392,"modeltime":0,"type":"gpio"}
,[4.3.2020 | 12:1:37] {"client-id":"af85aa2e-4b72-4b37-ac16-d371b23c71b7","gpioa":0,"gpiob":0,"gpioc":32768,"gpiod":16504,"gpioe":5392,"modeltime":0,"type":"gpio"}
,[4.3.2020 | 12:1:37] {"client-id":"af85aa2e-4b72-4b37-ac16-d371b23c71b7","gpioa":0,"gpiob":0,"gpioc":32768,"gpiod":16504,"gpioe":5392,"modeltime":0,"type":"gpio"}
,[4.3.2020 | 12:1:37] {"client-id":"af85aa2e-4b72-4b37-ac16-d371b23c71b7","gpioa":0,"gpiob":0,"gpioc":32768,"gpiod":16504,"gpioe":5392,"modeltime":0,"type":"gpio"}
,[4.3.2020 | 12:1:37] {"client-id":"af85aa2e-4b72-4b37-ac16-d371b23c71b7","gpioa":0,"gpiob":0,"gpioc":32768,"gpiod":16504,"gpioe":5392,"modeltime":0,"type":"gpio"}
,[4.3.2020 | 12:1:37] {"client-id":"af85aa2e-4b72-4b37-ac16-d371b23c71b7","gpioa":0,"gpiob":0,"gpioc":32768,"gpiod":16504,"gpioe":5392,"modeltime":0,"type":"gpio"}
,[4.3.2020 | 12:1:37] {"client-id":"af85aa2e-4b72-4b37-ac16-d371b23c71b7","gpioa":0,"gpiob":0,"gpioc":32768,"gpiod":16504,"gpioe":5392,"modeltime":0,"type":"gpio"}
,[4.3.2020 | 12:1:37] {"client-id":"af85aa2e-4b72-4b37-ac16-d371b23c71b7","gpioa":0,"gpiob":0,"gpioc":32768,"gpiod":16504,"gpioe":5392,"modeltime":0,"type":"gpio"}
,[4.3.2020 | 12:1:38] {"client-id":"af85aa2e-4b72-4b37-ac16-d371b23c71b7","gpioa":0,"gpiob":0,"gpioc":32768,"gpiod":16504,"gpioe":5392,"modeltime":0,"type":"gpio"}
,[4.3.2020 | 12:1:38] {"client-id":"af85aa2e-4b72-4b37-ac16-d371b23c71b7","gpioa":0,"gpiob":0,"gpioc":32768,"gpiod":16504,"gpioe":5392,"modeltime":0,"type":"gpio"}
,[4.3.2020 | 12:1:38] {"client-id":"af85aa2e-4b72-4b37-ac16-d371b23c71b7","gpioa":0,"gpiob":0,"gpioc":32768,"gpiod":16504,"gpioe":5392,"modeltime":0,"type":"gpio"}
,[4.3.2020 | 12:1:38] {"client-id":"af85aa2e-4b72-4b37-ac16-d371b23c71b7","gpioa":0,"gpiob":0,"gpioc":32768,"gpiod":16504,"gpioe":5392,"modeltime":0,"type":"gpio"}
,[4.3.2020 | 12:1:38] {"client-id":"af85aa2e-4b72-4b37-ac16-d371b23c71b7","gpioa":0,"gpiob":0,"gpioc":32768,"gpiod":16504,"gpioe":5392,"modeltime":0,"type":"gpio"}
,[4.3.2020 | 12:1:38] {"client-id":"af85aa2e-4b72-4b37-ac16-d371b23c71b7","gpioa":0,"gpiob":0,"gpioc":32768,"gpiod":16504,"gpioe":5392,"modeltime":0,"type":"gpio"}
,[4.3.2020 | 12:1:38] {"client-id":"af85aa2e-4b72-4b37-ac16-d371b23c71b7","gpioa":0,"gpiob":0,"gpioc":32768,"gpiod":16504,"gpioe":5392,"modeltime":0,"type":"gpio"}
,[4.3.2020 | 12:1:38] {"client-id":"af85aa2e-4b72-4b37-ac16-d371b23c71b7","gpioa":0,"gpiob":0,"gpioc":32768,"gpiod":16504,"gpioe":5392,"modeltime":0,"type":"gpio"}
,[4.3.2020 | 12:1:38] {"client-id":"af85aa2e-4b72-4b37-ac16-d371b23c71b7","gpioa":0,"gpiob":0,"gpioc":32768,"gpiod":16504,"gpioe":5392,"modeltime":0,"type":"gpio"}
,[4.3.2020 | 12:1:38] {"client-id":"af85aa2e-4b72-4b37-ac16-d371b23c71b7","gpioa":0,"gpiob":0,"gpioc":32768,"gpiod":16504,"gpioe":5392,"modeltime":0,"type":"gpio"}
,[4.3.2020 | 12:1:39] {"client-id":"af85aa2e-4b72-4b37-ac16-d371b23c71b7","gpioa":0,"gpiob":0,"gpioc":32768,"gpiod":16504,"gpioe":5392,"modeltime":0,"type":"gpio"}
,[4.3.2020 | 12:1:39] {"client-id":"af85aa2e-4b72-4b37-ac16-d371b23c71b7","gpioa":0,"gpiob":0,"gpioc":32768,"gpiod":16504,"gpioe":5392,"modeltime":0,"type":"gpio"}
,[4.3.2020 | 12:1:39] {"client-id":"af85aa2e-4b72-4b37-ac16-d371b23c71b7","gpioa":0,"gpiob":0,"gpioc":32768,"gpiod":16504,"gpioe":5392,"modeltime":0,"type":"gpio"}
,[4.3.2020 | 12:1:39] {"client-id":"af85aa2e-4b72-4b37-ac16-d371b23c71b7","gpioa":0,"gpiob":0,"gpioc":32768,"gpiod":16504,"gpioe":5392,"modeltime":0,"type":"gpio"}
,[4.3.2020 | 12:1:39] {"client-id":"af85aa2e-4b72-4b37-ac16-d371b23c71b7","gpioa":0,"gpiob":0,"gpioc":32768,"gpiod":16504,"gpioe":5392,"modeltime":0,"type":"gpio"}
,[4.3.2020 | 12:1:39] {"client-id":"af85aa2e-4b72-4b37-ac16-d371b23c71b7","gpioa":0,"gpiob":0,"gpioc":32768,"gpiod":16504,"gpioe":5392,"modeltime":0,"type":"gpio"}
,[4.3.2020 | 12:1:39] {"client-id":"af85aa2e-4b72-4b37-ac16-d371b23c71b7","gpioa":0,"gpiob":0,"gpioc":0,"gpiod":16504,"gpioe":5392,"modeltime":0,"type":"gpio"}
,[4.3.2020 | 12:1:39] {"client-id":"af85aa2e-4b72-4b37-ac16-d371b23c71b7","gpioa":0,"gpiob":0,"gpioc":0,"gpiod":16504,"gpioe":5392,"modeltime":0,"type":"gpio"}
,[4.3.2020 | 12:1:39] {"client-id":"af85aa2e-4b72-4b37-ac16-d371b23c71b7","gpioa":0,"gpiob":0,"gpioc":0,"gpiod":16504,"gpioe":5392,"modeltime":0,"type":"gpio"}
,[4.3.2020 | 12:1:39] {"client-id":"af85aa2e-4b72-4b37-ac16-d371b23c71b7","gpioa":0,"gpiob":0,"gpioc":0,"gpiod":16504,"gpioe":5392,"modeltime":0,"type":"gpio"}
,[4.3.2020 | 12:1:40] {"client-id":"af85aa2e-4b72-4b37-ac16-d371b23c71b7","gpioa":0,"gpiob":0,"gpioc":0,"gpiod":16504,"gpioe":5392,"modeltime":0,"type":"gpio"}
,[4.3.2020 | 12:1:40] {"client-id":"af85aa2e-4b72-4b37-ac16-d371b23c71b7","gpioa":0,"gpiob":0,"gpioc":32768,"gpiod":16504,"gpioe":5392,"modeltime":0,"type":"gpio"}
,[4.3.2020 | 12:1:40] {"client-id":"af85aa2e-4b72-4b37-ac16-d371b23c71b7","gpioa":0,"gpiob":0,"gpioc":32768,"gpiod":16504,"gpioe":5392,"modeltime":0,"type":"gpio"}
,[4.3.2020 | 12:1:40] {"client-id":"af85aa2e-4b72-4b37-ac16-d371b23c71b7","gpioa":0,"gpiob":0,"gpioc":32768,"gpiod":16504,"gpioe":5392,"modeltime":0,"type":"gpio"}
,[4.3.2020 | 12:1:40] {"client-id":"af85aa2e-4b72-4b37-ac16-d371b23c71b7","gpioa":0,"gpiob":0,"gpioc":32768,"gpiod":16504,"gpioe":5392,"modeltime":0,"type":"gpio"}
,[4.3.2020 | 12:1:40] {"client-id":"af85aa2e-4b72-4b37-ac16-d371b23c71b7","gpioa":0,"gpiob":0,"gpioc":0,"gpiod":16504,"gpioe":5392,"modeltime":0,"type":"gpio"}
,[4.3.2020 | 12:1:40] {"client-id":"af85aa2e-4b72-4b37-ac16-d371b23c71b7","gpioa":0,"gpiob":0,"gpioc":32768,"gpiod":16504,"gpioe":5392,"modeltime":0,"type":"gpio"}
,[4.3.2020 | 12:1:40] {"client-id":"af85aa2e-4b72-4b37-ac16-d371b23c71b7","gpioa":0,"gpiob":0,"gpioc":32768,"gpiod":16504,"gpioe":5392,"modeltime":0,"type":"gpio"}
,[4.3.2020 | 12:1:40] {"client-id":"af85aa2e-4b72-4b37-ac16-d371b23c71b7","gpioa":0,"gpiob":0,"gpioc":32768,"gpiod":16504,"gpioe":5392,"modeltime":0,"type":"gpio"}
,[4.3.2020 | 12:1:40] {"client-id":"af85aa2e-4b72-4b37-ac16-d371b23c71b7","gpioa":0,"gpiob":0,"gpioc":32768,"gpiod":16504,"gpioe":5392,"modeltime":0,"type":"gpio"}
,[4.3.2020 | 12:1:41] {"client-id":"af85aa2e-4b72-4b37-ac16-d371b23c71b7","gpioa":0,"gpiob":0,"gpioc":32768,"gpiod":16504,"gpioe":5392,"modeltime":0,"type":"gpio"}
,[4.3.2020 | 12:1:41] {"client-id":"af85aa2e-4b72-4b37-ac16-d371b23c71b7","gpioa":0,"gpiob":0,"gpioc":32768,"gpiod":16504,"gpioe":5392,"modeltime":0,"type":"gpio"}
,[4.3.2020 | 12:1:41] {"client-id":"af85aa2e-4b72-4b37-ac16-d371b23c71b7","gpioa":0,"gpiob":0,"gpioc":32768,"gpiod":16504,"gpioe":5392,"modeltime":0,"type":"gpio"}
,[4.3.2020 | 12:1:41] {"client-id":"af85aa2e-4b72-4b37-ac16-d371b23c71b7","gpioa":0,"gpiob":0,"gpioc":32768,"gpiod":16504,"gpioe":5392,"modeltime":0,"type":"gpio"}
,[4.3.2020 | 12:1:41] {"client-id":"af85aa2e-4b72-4b37-ac16-d371b23c71b7","gpioa":0,"gpiob":0,"gpioc":32768,"gpiod":16504,"gpioe":5392,"modeltime":0,"type":"gpio"}
,[4.3.2020 | 12:1:41] {"client-id":"af85aa2e-4b72-4b37-ac16-d371b23c71b7","gpioa":0,"gpiob":0,"gpioc":32768,"gpiod":16504,"gpioe":5392,"modeltime":0,"type":"gpio"}
,[4.3.2020 | 12:1:41] {"client-id":"af85aa2e-4b72-4b37-ac16-d371b23c71b7","gpioa":0,"gpiob":0,"gpioc":32768,"gpiod":16472,"gpioe":4368,"modeltime":0,"type":"gpio"}
,[4.3.2020 | 12:1:41] {"client-id":"af85aa2e-4b72-4b37-ac16-d371b23c71b7","gpioa":0,"gpiob":0,"gpioc":32768,"gpiod":16472,"gpioe":4368,"modeltime":0,"type":"gpio"}
,[4.3.2020 | 12:1:41] {"client-id":"af85aa2e-4b72-4b37-ac16-d371b23c71b7","gpioa":0,"gpiob":0,"gpioc":32768,"gpiod":16472,"gpioe":4368,"modeltime":0,"type":"gpio"}
,[4.3.2020 | 12:1:41] {"client-id":"af85aa2e-4b72-4b37-ac16-d371b23c71b7","gpioa":0,"gpiob":0,"gpioc":32768,"gpiod":16472,"gpioe":4368,"modeltime":0,"type":"gpio"}
,[4.3.2020 | 12:1:42] {"client-id":"af85aa2e-4b72-4b37-ac16-d371b23c71b7","gpioa":0,"gpiob":0,"gpioc":32768,"gpiod":16472,"gpioe":4368,"modeltime":0,"type":"gpio"}
,[4.3.2020 | 12:1:42] {"client-id":"af85aa2e-4b72-4b37-ac16-d371b23c71b7","gpioa":0,"gpiob":0,"gpioc":32768,"gpiod":16456,"gpioe":4112,"modeltime":0,"type":"gpio"}
,[4.3.2020 | 12:1:42] {"client-id":"af85aa2e-4b72-4b37-ac16-d371b23c71b7","gpioa":0,"gpiob":0,"gpioc":32768,"gpiod":16456,"gpioe":4112,"modeltime":0,"type":"gpio"}
,[4.3.2020 | 12:1:42] {"client-id":"af85aa2e-4b72-4b37-ac16-d371b23c71b7","gpioa":0,"gpiob":0,"gpioc":32768,"gpiod":16456,"gpioe":4112,"modeltime":0,"type":"gpio"}
,[4.3.2020 | 12:1:42] {"client-id":"af85aa2e-4b72-4b37-ac16-d371b23c71b7","gpioa":0,"gpiob":0,"gpioc":32768,"gpiod":16456,"gpioe":4112,"modeltime":0,"type":"gpio"}
,[4.3.2020 | 12:1:42] {"client-id":"af85aa2e-4b72-4b37-ac16-d371b23c71b7","gpioa":0,"gpiob":0,"gpioc":32768,"gpiod":16456,"gpioe":4112,"modeltime":0,"type":"gpio"}
,[4.3.2020 | 12:1:42] {"client-id":"af85aa2e-4b72-4b37-ac16-d371b23c71b7","gpioa":0,"gpiob":0,"gpioc":32768,"gpiod":16456,"gpioe":4112,"modeltime":0,"type":"gpio"}
,[4.3.2020 | 12:1:42] {"client-id":"af85aa2e-4b72-4b37-ac16-d371b23c71b7","gpioa":0,"gpiob":0,"gpioc":32768,"gpiod":16456,"gpioe":4112,"modeltime":0,"type":"gpio"}
,[4.3.2020 | 12:1:42] {"client-id":"af85aa2e-4b72-4b37-ac16-d371b23c71b7","gpioa":0,"gpiob":0,"gpioc":32768,"gpiod":16456,"gpioe":4112,"modeltime":0,"type":"gpio"}
,[4.3.2020 | 12:1:42] {"client-id":"af85aa2e-4b72-4b37-ac16-d371b23c71b7","gpioa":0,"gpiob":0,"gpioc":32768,"gpiod":16456,"gpioe":4112,"modeltime":0,"type":"gpio"}
,[4.3.2020 | 12:1:43] {"client-id":"af85aa2e-4b72-4b37-ac16-d371b23c71b7","gpioa":0,"gpiob":0,"gpioc":32768,"gpiod":16456,"gpioe":4112,"modeltime":0,"type":"gpio"}
,[4.3.2020 | 12:1:43] {"client-id":"af85aa2e-4b72-4b37-ac16-d371b23c71b7","gpioa":0,"gpiob":0,"gpioc":32768,"gpiod":16456,"gpioe":4112,"modeltime":0,"type":"gpio"}
,[4.3.2020 | 12:1:43] {"client-id":"af85aa2e-4b72-4b37-ac16-d371b23c71b7","gpioa":0,"gpiob":0,"gpioc":32768,"gpiod":16456,"gpioe":4112,"modeltime":0,"type":"gpio"}
,[4.3.2020 | 12:1:43] {"type":"cmd","data":"stop"}
,[4.3.2020 | 12:1:43] {"client-id":"af85aa2e-4b72-4b37-ac16-d371b23c71b7","gpioa":0,"gpiob":0,"gpioc":32768,"gpiod":16456,"gpioe":4112,"modeltime":0,"type":"gpio"}
